<?xml version="1.0" encoding="UTF-8"?>
<!-- Generated by org.testng.reporters.JUnitReportReporter -->
<testsuite skipped="0" hostname="Dell" name="TstngPackage.testngDemo2" tests="1" failures="0" timestamp="21 Jan 2020 14:58:34 GMT" time="0.012" errors="0">
  <testcase name="fnDemo4" time="0.012" classname="TstngPackage.testngDemo2"/>
</testsuite> <!-- TstngPackage.testngDemo2 -->
