<?xml version="1.0" encoding="UTF-8"?>
<!-- Generated by org.testng.reporters.JUnitReportReporter -->
<testsuite skipped="0" hostname="Dell" name="TstngPackage.testngDemo1" tests="2" failures="0" timestamp="21 Jan 2020 14:58:34 GMT" time="0.029" errors="0">
  <testcase name="faDemwo" time="0.018" classname="TstngPackage.testngDemo1"/>
  <testcase name="fnDemo" time="0.011" classname="TstngPackage.testngDemo1"/>
</testsuite> <!-- TstngPackage.testngDemo1 -->
