<?xml version="1.0" encoding="UTF-8"?>
<!-- Generated by org.testng.reporters.JUnitReportReporter -->
<testsuite skipped="0" hostname="Dell" name="tstngPackage2.reusableLogin" tests="2" failures="0" timestamp="13 Mar 2018 15:54:07 GMT" time="20.189" errors="0">
  <testcase name="Login" time="20.178" classname="tstngPackage2.reusableLogin"/>
  <testcase name="loginChild" time="0.011" classname="tstngPackage2.reusableLogin"/>
</testsuite> <!-- tstngPackage2.reusableLogin -->
