<?xml version="1.0" encoding="UTF-8"?>
<!-- Generated by org.testng.reporters.JUnitReportReporter -->
<testsuite skipped="0" hostname="Dell" name="TstngPackage.dataDriven" tests="1" failures="0" timestamp="02 Apr 2018 17:56:58 GMT" time="14.729" errors="0">
  <testcase name="Login" time="14.729" classname="TstngPackage.dataDriven"/>
</testsuite> <!-- TstngPackage.dataDriven -->
