<?xml version="1.0" encoding="UTF-8"?>
<!-- Generated by org.testng.reporters.JUnitReportReporter -->
<testsuite hostname="Dell" name="testCase.loginApplication" tests="1" failures="0" timestamp="21 Mar 2018 17:53:42 GMT" time="91.346" errors="0">
  <testcase name="login" time="91.346" classname="testCase.loginApplication"/>
</testsuite> <!-- testCase.loginApplication -->
